<?xml version="1.0" encoding="UTF-8"?>
<testng-results ignored="13" total="13" passed="0" failed="0" skipped="0">
  <reporter-output>
  </reporter-output>
  <suite started-at="2021-10-25T18:24:37 CEST" name="Surefire suite" finished-at="2021-10-25T18:24:37 CEST" duration-ms="4">
    <groups>
    </groups>
    <test started-at="2021-10-25T18:24:37 CEST" name="Surefire test" finished-at="2021-10-25T18:24:37 CEST" duration-ms="4">
    </test> <!-- Surefire test -->
  </suite> <!-- Surefire suite -->
</testng-results>
