<?xml version="1.0" encoding="UTF-8"?>
<!-- Generated by org.testng.reporters.JUnitXMLReporter -->
<testsuite ignored="13" hostname="KRK1-LDL-P91019" failures="0" tests="0" time="0.004" errors="0" timestamp="2021-10-25T18:24:37 CEST">
  <testcase classname="pl.qaaacademy.restassured.shop_api.BasicProductAPIVerificationTest" name="shouldAddNewProduct" time="0.0">
    <ignored/>
  </testcase> <!-- shouldAddNewProduct -->
  <testcase classname="pl.qaaacademy.restassured.shop_api.BasicProductAPIVerificationTest" name="shouldDeleteAProductFromTheList" time="0.0">
    <ignored/>
  </testcase> <!-- shouldDeleteAProductFromTheList -->
  <testcase classname="pl.qaaacademy.restassured.shop_api.CustomComplexTest" name="customerShoppingCartItemListShouldHave0Length" time="0.0">
    <ignored/>
  </testcase> <!-- customerShoppingCartItemListShouldHave0Length -->
  <testcase classname="pl.qaaacademy.restassured.shop_api.BasicProductAPIVerificationTest" name="shouldUpdateProductPriceForProductWithIDEqualTo2" time="0.0">
    <ignored/>
  </testcase> <!-- shouldUpdateProductPriceForProductWithIDEqualTo2 -->
  <testcase classname="pl.qaaacademy.restassured.shop_api.BasicCustomerAPIVerificationTest" name="verifyAddressCityForCustomerWithGivenID" time="0.0">
    <ignored/>
  </testcase> <!-- verifyAddressCityForCustomerWithGivenID -->
  <testcase classname="pl.qaaacademy.restassured.shop_api.BasicCustomerAPIVerificationTest" name="should200WhenFethingCustomersList" time="0.0">
    <ignored/>
  </testcase> <!-- should200WhenFethingCustomersList -->
  <testcase classname="pl.qaaacademy.restassured.shop_api.BasicProductAPIVerificationTest" name="extractedProductShouldHaveExpectedDescription" time="0.0">
    <ignored/>
  </testcase> <!-- extractedProductShouldHaveExpectedDescription -->
  <testcase classname="pl.qaaacademy.restassured.shop_api.CustomComplexTest" name="addProductsToShoppingCart" time="0.0">
    <ignored/>
  </testcase> <!-- addProductsToShoppingCart -->
  <testcase classname="pl.qaaacademy.restassured.shop_api.BasicCustomerAPIVerificationTest" name="shouldReturnCustomerInfoForIDEquals2" time="0.0">
    <ignored/>
  </testcase> <!-- shouldReturnCustomerInfoForIDEquals2 -->
  <testcase classname="pl.qaaacademy.restassured.shop_api.BasicProductAPIVerificationTest" name="verifyStrawberryPrice" time="0.0">
    <ignored/>
  </testcase> <!-- verifyStrawberryPrice -->
  <testcase classname="pl.qaaacademy.restassured.shop_api.ReqresInTest" name="shouldGetUserIds" time="0.0">
    <ignored/>
  </testcase> <!-- shouldGetUserIds -->
  <testcase classname="pl.qaaacademy.restassured.shop_api.BasicProductAPIVerificationTest" name="listOfProductsShouldContainPeachAndStrawberry" time="0.0">
    <ignored/>
  </testcase> <!-- listOfProductsShouldContainPeachAndStrawberry -->
  <testcase classname="pl.qaaacademy.restassured.shop_api.BasicProductAPIVerificationTest" name="shouldUpdateProductWithTheNewPrice" time="0.0">
    <ignored/>
  </testcase> <!-- shouldUpdateProductWithTheNewPrice -->
</testsuite>
